<?xml version="1.0" encoding="UTF-8"?>
<!-- Generated by org.testng.reporters.JUnitXMLReporter -->
<testsuite ignored="0" hostname="TVMATP620165L" failures="0" tests="3" name="Login" time="22.293" errors="0" timestamp="2025-05-12T15:39:20 IST">
  <testcase classname="org.tests.LoginTest" name="login_test" time="0.845"/>
  <testcase classname="org.tests.BookingTest" name="booking_Verify" time="1.805"/>
  <testcase classname="org.tests.EditProfileTest" name="editProfile_Test" time="1.324"/>
</testsuite> <!-- Login -->
