<?xml version="1.0" encoding="UTF-8"?>
<testng-results ignored="0" total="1" passed="1" failed="0" skipped="0">
  <reporter-output>
  </reporter-output>
  <suite started-at="2025-05-09T11:33:04 IST" name="Suite" finished-at="2025-05-09T11:33:09 IST" duration-ms="5279">
    <groups>
    </groups>
    <test started-at="2025-05-09T11:33:04 IST" name="Test" finished-at="2025-05-09T11:33:09 IST" duration-ms="5279">
      <class name="org.tests.LoginTest">
        <test-method is-config="true" signature="setUp(java.lang.String,java.lang.String,java.lang.String)[pri:0, instance:org.tests.LoginTest@1534f01b]" started-at="2025-05-09T11:33:04 IST" name="setUp" finished-at="2025-05-09T11:33:08 IST" duration-ms="4408" status="PASS">
          <params>
            <param index="0">
              <value>
                <![CDATA[pgGru]]>
              </value>
            </param>
            <param index="1">
              <value>
                <![CDATA[freezeray]]>
              </value>
            </param>
            <param index="2">
              <value>
                <![CDATA[http://10.81.64.170/Automation/PackAndGo_v2/index.html]]>
              </value>
            </param>
          </params>
          <reporter-output>
          </reporter-output>
        </test-method> <!-- setUp -->
        <test-method signature="login_test()[pri:0, instance:org.tests.LoginTest@1534f01b]" started-at="2025-05-09T11:33:08 IST" name="login_test" finished-at="2025-05-09T11:33:09 IST" duration-ms="685" status="PASS">
          <reporter-output>
          </reporter-output>
        </test-method> <!-- login_test -->
        <test-method is-config="true" signature="tearDown()[pri:0, instance:org.tests.LoginTest@1534f01b]" started-at="2025-05-09T11:33:09 IST" name="tearDown" finished-at="2025-05-09T11:33:09 IST" duration-ms="150" status="PASS">
          <reporter-output>
          </reporter-output>
        </test-method> <!-- tearDown -->
      </class> <!-- org.tests.LoginTest -->
    </test> <!-- Test -->
  </suite> <!-- Suite -->
</testng-results>
