<?xml version="1.0" encoding="UTF-8"?>
<testng-results ignored="0" total="4" passed="4" failed="0" skipped="0">
  <reporter-output>
  </reporter-output>
  <suite started-at="2025-05-12T15:38:57 IST" name="Suite" finished-at="2025-05-12T15:39:26 IST" duration-ms="29177">
    <groups>
    </groups>
    <test started-at="2025-05-12T15:38:57 IST" name="Login" finished-at="2025-05-12T15:39:20 IST" duration-ms="22293">
      <class name="org.tests.LoginTest">
        <test-method is-config="true" signature="setUp(java.lang.String,java.lang.String,java.lang.String)[pri:0, instance:org.tests.LoginTest@2a798d51]" started-at="2025-05-12T15:38:57 IST" name="setUp" finished-at="2025-05-12T15:39:03 IST" duration-ms="5586" status="PASS">
          <params>
            <param index="0">
              <value>
                <![CDATA[pgGru]]>
              </value>
            </param>
            <param index="1">
              <value>
                <![CDATA[freezeray]]>
              </value>
            </param>
            <param index="2">
              <value>
                <![CDATA[http://10.81.64.170/Automation/PackAndGo_v2/index.html]]>
              </value>
            </param>
          </params>
          <reporter-output>
          </reporter-output>
        </test-method> <!-- setUp -->
        <test-method signature="login_test()[pri:0, instance:org.tests.LoginTest@2a798d51]" started-at="2025-05-12T15:39:03 IST" name="login_test" finished-at="2025-05-12T15:39:04 IST" duration-ms="845" status="PASS">
          <reporter-output>
          </reporter-output>
        </test-method> <!-- login_test -->
        <test-method is-config="true" signature="tearDown()[pri:0, instance:org.tests.LoginTest@2a798d51]" started-at="2025-05-12T15:39:04 IST" name="tearDown" finished-at="2025-05-12T15:39:04 IST" duration-ms="160" status="PASS">
          <reporter-output>
          </reporter-output>
        </test-method> <!-- tearDown -->
      </class> <!-- org.tests.LoginTest -->
      <class name="org.tests.BookingTest">
        <test-method is-config="true" signature="setUp(java.lang.String,java.lang.String,java.lang.String)[pri:0, instance:org.tests.BookingTest@222545dc]" started-at="2025-05-12T15:39:04 IST" name="setUp" finished-at="2025-05-12T15:39:10 IST" duration-ms="5943" status="PASS">
          <params>
            <param index="0">
              <value>
                <![CDATA[pgGru]]>
              </value>
            </param>
            <param index="1">
              <value>
                <![CDATA[freezeray]]>
              </value>
            </param>
            <param index="2">
              <value>
                <![CDATA[http://10.81.64.170/Automation/PackAndGo_v2/index.html]]>
              </value>
            </param>
          </params>
          <reporter-output>
          </reporter-output>
        </test-method> <!-- setUp -->
        <test-method signature="booking_Verify()[pri:0, instance:org.tests.BookingTest@222545dc]" started-at="2025-05-12T15:39:10 IST" name="booking_Verify" finished-at="2025-05-12T15:39:12 IST" duration-ms="1805" status="PASS">
          <reporter-output>
          </reporter-output>
        </test-method> <!-- booking_Verify -->
        <test-method is-config="true" signature="tearDown()[pri:0, instance:org.tests.BookingTest@222545dc]" started-at="2025-05-12T15:39:12 IST" name="tearDown" finished-at="2025-05-12T15:39:12 IST" duration-ms="167" status="PASS">
          <reporter-output>
          </reporter-output>
        </test-method> <!-- tearDown -->
      </class> <!-- org.tests.BookingTest -->
      <class name="org.tests.EditProfileTest">
        <test-method is-config="true" signature="setUp(java.lang.String,java.lang.String,java.lang.String,java.lang.String,java.lang.String)[pri:0, instance:org.tests.EditProfileTest@5c5eefef]" started-at="2025-05-12T15:39:12 IST" name="setUp" finished-at="2025-05-12T15:39:18 IST" duration-ms="6248" status="PASS">
          <params>
            <param index="0">
              <value>
                <![CDATA[pgGru]]>
              </value>
            </param>
            <param index="1">
              <value>
                <![CDATA[freezeray]]>
              </value>
            </param>
            <param index="2">
              <value>
                <![CDATA[http://10.81.64.170/Automation/PackAndGo_v2/index.html]]>
              </value>
            </param>
            <param index="3">
              <value>
                <![CDATA[German]]>
              </value>
            </param>
            <param index="4">
              <value>
                <![CDATA[9876543210]]>
              </value>
            </param>
          </params>
          <reporter-output>
          </reporter-output>
        </test-method> <!-- setUp -->
        <test-method signature="editProfile_Test()[pri:0, instance:org.tests.EditProfileTest@5c5eefef]" started-at="2025-05-12T15:39:18 IST" name="editProfile_Test" finished-at="2025-05-12T15:39:19 IST" duration-ms="1324" status="PASS">
          <reporter-output>
          </reporter-output>
        </test-method> <!-- editProfile_Test -->
        <test-method is-config="true" signature="tearDown()[pri:0, instance:org.tests.EditProfileTest@5c5eefef]" started-at="2025-05-12T15:39:19 IST" name="tearDown" finished-at="2025-05-12T15:39:20 IST" duration-ms="172" status="PASS">
          <reporter-output>
          </reporter-output>
        </test-method> <!-- tearDown -->
      </class> <!-- org.tests.EditProfileTest -->
    </test> <!-- Login -->
    <test started-at="2025-05-12T15:39:20 IST" name="SignUp" finished-at="2025-05-12T15:39:26 IST" duration-ms="6799">
      <class name="org.tests.SignupTest">
        <test-method is-config="true" signature="setUp(java.lang.String)[pri:0, instance:org.tests.SignupTest@f6efaab]" started-at="2025-05-12T15:39:20 IST" name="setUp" finished-at="2025-05-12T15:39:25 IST" duration-ms="5198" status="PASS">
          <params>
            <param index="0">
              <value>
                <![CDATA[http://10.81.64.170/Automation/PackAndGo_v2/index.html]]>
              </value>
            </param>
          </params>
          <reporter-output>
          </reporter-output>
        </test-method> <!-- setUp -->
        <test-method signature="signup_Test()[pri:0, instance:org.tests.SignupTest@f6efaab]" started-at="2025-05-12T15:39:25 IST" name="signup_Test" finished-at="2025-05-12T15:39:26 IST" duration-ms="1416" status="PASS">
          <reporter-output>
          </reporter-output>
        </test-method> <!-- signup_Test -->
        <test-method is-config="true" signature="tearDown()[pri:0, instance:org.tests.SignupTest@f6efaab]" started-at="2025-05-12T15:39:26 IST" name="tearDown" finished-at="2025-05-12T15:39:26 IST" duration-ms="181" status="PASS">
          <reporter-output>
          </reporter-output>
        </test-method> <!-- tearDown -->
      </class> <!-- org.tests.SignupTest -->
    </test> <!-- SignUp -->
  </suite> <!-- Suite -->
</testng-results>
